[14:58:15] [main/INFO] (FabricLoader/GameProvider) Loading Minecraft 1.19.4 with Fabric Loader 0.15.0
[14:58:16] [main/INFO] (FabricLoader) Loading 63 mods:
	- cmdkeybind 1.6.2-1.19.4
	   \-- kyrptconfig 1.5.2-1.19.4
	- fabric-api 0.76.0+1.19.4
	- fabric-api-base 0.4.23+9ff28bcef4
	- fabric-api-lookup-api-v1 1.6.24+49abcf7ef4
	- fabric-biome-api-v1 13.0.6+348a9c64f4
	- fabric-block-api-v1 1.0.5+e022e5d1f4
	- fabric-blockrenderlayer-v1 1.1.33+c2e6f674f4
	- fabric-client-tags-api-v1 1.0.14+1134c5b8f4
	- fabric-command-api-v2 2.2.4+ae0966baf4
	- fabric-content-registries-v0 3.5.7+ae0966baf4
	- fabric-convention-tags-v1 1.4.0+9a7c5daaf4
	- fabric-crash-report-info-v1 0.2.14+aeb40ebef4
	- fabric-data-generation-api-v1 11.3.5+5da15ca1f4
	- fabric-dimensions-v1 2.1.44+7f87f8faf4
	- fabric-entity-events-v1 1.5.12+e45f7c65f4
	- fabric-events-interaction-v0 0.4.42+a1ccd7bff4
	- fabric-game-rule-api-v1 1.0.32+a1ccd7bff4
	- fabric-gametest-api-v1 1.2.2+ae0966baf4
	- fabric-item-api-v1 2.1.16+09a3510cf4
	- fabric-item-group-api-v1 3.0.3+043f9acff4
	- fabric-key-binding-api-v1 1.0.32+c477957ef4
	- fabric-language-kotlin 1.10.15+kotlin.1.9.21
	   |-- org_jetbrains_kotlin_kotlin-reflect 1.9.21
	   |-- org_jetbrains_kotlin_kotlin-stdlib 1.9.21
	   |-- org_jetbrains_kotlin_kotlin-stdlib-jdk7 1.9.21
	   |-- org_jetbrains_kotlin_kotlin-stdlib-jdk8 1.9.21
	   |-- org_jetbrains_kotlinx_atomicfu-jvm 0.23.0
	   |-- org_jetbrains_kotlinx_kotlinx-coroutines-core-jvm 1.7.3
	   |-- org_jetbrains_kotlinx_kotlinx-coroutines-jdk8 1.7.3
	   |-- org_jetbrains_kotlinx_kotlinx-datetime-jvm 0.4.1
	   |-- org_jetbrains_kotlinx_kotlinx-serialization-cbor-jvm 1.6.1
	   |-- org_jetbrains_kotlinx_kotlinx-serialization-core-jvm 1.6.1
	   \-- org_jetbrains_kotlinx_kotlinx-serialization-json-jvm 1.6.1
	- fabric-lifecycle-events-v1 2.2.14+5da15ca1f4
	- fabric-loot-api-v2 1.1.25+75e98211f4
	- fabric-message-api-v1 5.1.0+1ee8be40f4
	- fabric-mining-level-api-v1 2.1.37+49abcf7ef4
	- fabric-models-v0 0.3.29+11ba9c3bf4
	- fabric-networking-api-v1 1.2.22+ca5f59aaf4
	- fabric-object-builder-api-v1 7.0.1+63b515f4f4
	- fabric-particles-v1 1.0.22+f1e4495bf4
	- fabric-recipe-api-v1 1.0.6+a1ccd7bff4
	- fabric-registry-sync-v0 2.1.2+a383ab97f4
	- fabric-renderer-api-v1 2.2.4+81e8c576f4
	- fabric-renderer-indigo 1.1.0+81e8c576f4
	- fabric-rendering-data-attachment-v1 0.3.27+afca2f3ef4
	- fabric-rendering-fluids-v1 3.0.20+f1e4495bf4
	- fabric-rendering-v1 2.1.0+8f878217f4
	- fabric-resource-conditions-api-v1 2.3.0+e6c7d4eef4
	- fabric-resource-loader-v0 0.11.0+938a1d56f4
	- fabric-screen-api-v1 1.0.44+8c25edb4f4
	- fabric-screen-handler-api-v1 1.3.18+5da15ca1f4
	- fabric-sound-api-v1 1.0.8+75e98211f4
	- fabric-transfer-api-v1 3.0.1+9003cbe9f4
	- fabric-transitive-access-wideners-v1 3.0.2+63b515f4f4
	- fabricloader 0.15.0
	- ias 8.0.2
	- java 17
	- midnightlib 1.2.1
	- minecraft 1.19.4
	- modmenu 6.3.1
	- zoomify 2.9.4
[14:58:27] [main/INFO] (FabricLoader/Mixin) SpongePowered MIXIN Subsystem Version=0.8.5 Source=file:/C:/Users/%d0%94%d0%b5%d0%bb%d1%8c%d1%84%d0%b8%d0%bd/.gradle/caches/modules-2/files-2.1/net.fabricmc/sponge-mixin/0.12.5+mixin.0.8.5/8d31fb97c3e0cd7c8dad3441851c523bcfae6d8e/sponge-mixin-0.12.5+mixin.0.8.5.jar Service=Knot/Fabric Env=CLIENT
[14:58:27] [main/INFO] (FabricLoader/Mixin) Loaded Fabric development mappings for mixin remapper!
[14:58:27] [main/INFO] (FabricLoader/Mixin) Compatibility level set to JAVA_16
[14:58:27] [main/INFO] (FabricLoader/Mixin) Compatibility level set to JAVA_17
[14:58:43] [Datafixer Bootstrap/INFO] (Minecraft) 180 Datafixer optimizations took 603 milliseconds
[14:58:47] [Render thread/INFO] (Minecraft) Environment: authHost='https://authserver.mojang.com', accountsHost='https://api.mojang.com', sessionHost='https://sessionserver.mojang.com', servicesHost='https://api.minecraftservices.com', name='PROD'
[14:58:47] [Render thread/ERROR] (Minecraft) Failed to verify authentication
com.mojang.authlib.exceptions.InvalidCredentialsException: Status: 401
	at com.mojang.authlib.exceptions.MinecraftClientHttpException.toAuthenticationException(MinecraftClientHttpException.java:56) ~[authlib-3.18.38.jar:?]
	at com.mojang.authlib.yggdrasil.YggdrasilUserApiService.fetchProperties(YggdrasilUserApiService.java:156) ~[authlib-3.18.38.jar:?]
	at com.mojang.authlib.yggdrasil.YggdrasilUserApiService.<init>(YggdrasilUserApiService.java:55) ~[authlib-3.18.38.jar:?]
	at com.mojang.authlib.yggdrasil.YggdrasilAuthenticationService.createUserApiService(YggdrasilAuthenticationService.java:161) ~[authlib-3.18.38.jar:?]
	at net.minecraft.client.MinecraftClient.createUserApiService(MinecraftClient.java:732) ~[minecraft-project-@-merged-named.jar:?]
	at net.minecraft.client.MinecraftClient.<init>(MinecraftClient.java:440) ~[minecraft-project-@-merged-named.jar:?]
	at net.minecraft.client.main.Main.main(Main.java:198) ~[minecraft-project-@-merged-named.jar:?]
	at net.fabricmc.loader.impl.game.minecraft.MinecraftGameProvider.launch(MinecraftGameProvider.java:470) ~[fabric-loader-0.15.0.jar:?]
	at net.fabricmc.loader.impl.launch.knot.Knot.launch(Knot.java:74) ~[fabric-loader-0.15.0.jar:?]
	at net.fabricmc.loader.impl.launch.knot.KnotClient.main(KnotClient.java:23) ~[fabric-loader-0.15.0.jar:?]
	at net.fabricmc.devlaunchinjector.Main.main(Main.java:86) ~[dev-launch-injector-0.2.1+build.8.jar:?]
Caused by: com.mojang.authlib.exceptions.MinecraftClientHttpException: Status: 401
	at com.mojang.authlib.minecraft.client.MinecraftClient.readInputStream(MinecraftClient.java:85) ~[authlib-3.18.38.jar:?]
	at com.mojang.authlib.minecraft.client.MinecraftClient.get(MinecraftClient.java:48) ~[authlib-3.18.38.jar:?]
	at com.mojang.authlib.yggdrasil.YggdrasilUserApiService.fetchProperties(YggdrasilUserApiService.java:129) ~[authlib-3.18.38.jar:?]
	... 9 more
[14:58:47] [Render thread/INFO] (Minecraft) Setting user: Player879
[14:58:48] [Worker-Main-1/INFO] (Mod Menu/Update Checker) Checking mod updates...
[14:58:48] [Render thread/INFO] (Indigo) [Indigo] Registering Indigo renderer!
[14:58:49] [Render thread/INFO] (Minecraft) Backend library: LWJGL version 3.3.1 SNAPSHOT
[14:58:50] [Worker-Main-1/INFO] (Mod Menu/Update Checker) Update available for 'fabric-language-kotlin@1.10.15+kotlin.1.9.21', (-> 1.10.16+kotlin.1.9.21)
[14:58:51] [Render thread/INFO] (Minecraft) Reloading ResourceManager: vanilla, Fabric Mods (Fabric Lifecycle Events (v1), Fabric Networking API (v1), Fabric Resource Conditions API (v1), Fabric API Base, Fabric API Lookup API (v1), Fabric Sound API (v1), Fabric Game Test API (v1), Fabric Entity Events (v1), MidnightLib, In-Game Account Switcher, Fabric Item API (v1), Command Macros, Fabric Loot API (v2), Fabric Language Kotlin, Fabric Recipe API (v1), Kyrpt Config, Fabric Models (v0), Fabric Game Rule API (v1), Fabric API, Fabric Rendering Data Attachment (v1), Mod Menu, Zoomify, Fabric Events Interaction (v0), Fabric Screen Handler API (v1), Fabric Mining Level API (v1), Fabric Rendering Fluids (v1), Fabric Biome API (v1), Fabric Command API (v2), Fabric BlockRenderLayer Registration (v1), Fabric Convention Tags, Fabric Data Generation API (v1), Fabric Renderer - Indigo, Fabric Content Registries (v0), Fabric Particles (v1), Fabric Message API (v1), Fabric Dimensions API (v1), Fabric Screen API (v1), Fabric Transitive Access Wideners (v1), Fabric Resource Loader (v0), Fabric Transfer API (v1), Fabric Loader, Fabric Crash Report Info (v1), Fabric Item Group API (v1), Fabric Renderer API (v1), Fabric Key Binding API (v1), Fabric Object Builder API (v1), Fabric Client Tags, Fabric Rendering (v1), Fabric Registry Sync (v0), Fabric Block API (v1)), file/dw_source_from_Fernflower
[14:58:52] [Worker-Main-3/ERROR] (Minecraft) Invalid path in pack: minecraft:models/space/ores/lv223/A0.json, ignoring
[14:58:52] [Render thread/INFO] (Minecraft) [STDOUT]: (MidnightLib) Player hats successfully loaded!
[14:58:52] [Worker-Main-1/WARN] (Minecraft) Invalid sounds.json in resourcepack: 'file/dw_source_from_Fernflower'
net.minecraft.util.InvalidIdentifierException: Non [a-z0-9/._-] character in path of location: minecraft:halloween/GhostWoundB
	at net.minecraft.util.Identifier.validatePath(Identifier.java:252) ~[minecraft-project-@-merged-named.jar:?]
	at net.minecraft.util.Identifier.<init>(Identifier.java:47) ~[minecraft-project-@-merged-named.jar:?]
	at net.minecraft.util.Identifier.<init>(Identifier.java:51) ~[minecraft-project-@-merged-named.jar:?]
	at net.minecraft.util.Identifier.<init>(Identifier.java:56) ~[minecraft-project-@-merged-named.jar:?]
	at net.minecraft.client.sound.Sound.<init>(Sound.java:25) ~[minecraft-project-@-merged-named.jar:?]
	at net.minecraft.client.sound.SoundEntryDeserializer.deserializeSounds(SoundEntryDeserializer.java:42) ~[minecraft-project-@-merged-named.jar:?]
	at net.minecraft.client.sound.SoundEntryDeserializer.deserialize(SoundEntryDeserializer.java:27) ~[minecraft-project-@-merged-named.jar:?]
	at net.minecraft.client.sound.SoundEntryDeserializer.deserialize(SoundEntryDeserializer.java:18) ~[minecraft-project-@-merged-named.jar:?]
	at com.google.gson.internal.bind.TreeTypeAdapter.read(TreeTypeAdapter.java:76) ~[gson-2.10.jar:?]
	at com.google.gson.internal.bind.TypeAdapterRuntimeTypeWrapper.read(TypeAdapterRuntimeTypeWrapper.java:40) ~[gson-2.10.jar:?]
	at com.google.gson.internal.bind.MapTypeAdapterFactory$Adapter.read(MapTypeAdapterFactory.java:186) ~[gson-2.10.jar:?]
	at com.google.gson.internal.bind.MapTypeAdapterFactory$Adapter.read(MapTypeAdapterFactory.java:144) ~[gson-2.10.jar:?]
	at net.minecraft.util.JsonHelper.deserializeNullable(JsonHelper.java:535) ~[minecraft-project-@-merged-named.jar:?]
	at net.minecraft.util.JsonHelper.deserialize(JsonHelper.java:542) ~[minecraft-project-@-merged-named.jar:?]
	at net.minecraft.util.JsonHelper.deserialize(JsonHelper.java:564) ~[minecraft-project-@-merged-named.jar:?]
	at net.minecraft.client.sound.SoundManager.prepare(SoundManager.java:81) ~[minecraft-project-@-merged-named.jar:?]
	at net.minecraft.client.sound.SoundManager.prepare(SoundManager.java:40) ~[minecraft-project-@-merged-named.jar:?]
	at net.minecraft.resource.SinglePreparationResourceReloader.method_18791(SinglePreparationResourceReloader.java:11) ~[minecraft-project-@-merged-named.jar:?]
	at java.util.concurrent.CompletableFuture$AsyncSupply.run(CompletableFuture.java:1768) ~[?:?]
	at java.util.concurrent.CompletableFuture$AsyncSupply.exec(CompletableFuture.java:1760) ~[?:?]
	at java.util.concurrent.ForkJoinTask.doExec(ForkJoinTask.java:373) ~[?:?]
	at java.util.concurrent.ForkJoinPool$WorkQueue.topLevelExec(ForkJoinPool.java:1182) ~[?:?]
	at java.util.concurrent.ForkJoinPool.scan(ForkJoinPool.java:1655) ~[?:?]
	at java.util.concurrent.ForkJoinPool.runWorker(ForkJoinPool.java:1622) ~[?:?]
	at java.util.concurrent.ForkJoinWorkerThread.run(ForkJoinWorkerThread.java:165) ~[?:?]
[14:58:52] [Realms Notification Availability checker #1/INFO] (Minecraft) Could not authorize you against Realms server: Invalid session id
[14:58:52] [Worker-Main-1/WARN] (Minecraft) Invalid frame index on sprite modelengine:entity/cursed_knight frame 1: 1
[14:58:52] [Worker-Main-1/WARN] (Minecraft) Invalid frame index on sprite modelengine:entity/cursed_knight frame 3: 1
[14:58:53] [Worker-Main-1/WARN] (Minecraft) Unused frames in sprite minecraft:diamondworld/decoration/cozy_fireplace: [3]
[14:58:53] [Worker-Main-3/ERROR] (Minecraft) Failed to load model minecraft:models/diamondworld/cosmetics/head/retro_computer.json
com.google.gson.JsonParseException: classyhats:AppData/Roaming/.minecraft/resourcepacks/DiamondWorld/assets/minecraft/models/diamondworld/cosmetics/head/retro_computer_overlay is not valid resource location
	at net.minecraft.client.render.model.json.JsonUnbakedModel$Deserializer.resolveReference(JsonUnbakedModel.java:360) ~[minecraft-project-@-merged-named.jar:?]
	at net.minecraft.client.render.model.json.JsonUnbakedModel$Deserializer.texturesFromJson(JsonUnbakedModel.java:347) ~[minecraft-project-@-merged-named.jar:?]
	at net.minecraft.client.render.model.json.JsonUnbakedModel$Deserializer.deserialize(JsonUnbakedModel.java:308) ~[minecraft-project-@-merged-named.jar:?]
	at net.minecraft.client.render.model.json.JsonUnbakedModel$Deserializer.deserialize(JsonUnbakedModel.java:300) ~[minecraft-project-@-merged-named.jar:?]
	at com.google.gson.internal.bind.TreeTypeAdapter.read(TreeTypeAdapter.java:76) ~[gson-2.10.jar:?]
	at net.minecraft.util.JsonHelper.deserializeNullable(JsonHelper.java:516) ~[minecraft-project-@-merged-named.jar:?]
	at net.minecraft.util.JsonHelper.deserialize(JsonHelper.java:523) ~[minecraft-project-@-merged-named.jar:?]
	at net.minecraft.util.JsonHelper.deserialize(JsonHelper.java:573) ~[minecraft-project-@-merged-named.jar:?]
	at net.minecraft.client.render.model.json.JsonUnbakedModel.deserialize(JsonUnbakedModel.java:86) ~[minecraft-project-@-merged-named.jar:?]
	at net.minecraft.client.render.model.BakedModelManager.method_45898(BakedModelManager.java:105) ~[minecraft-project-@-merged-named.jar:?]
	at java.util.concurrent.CompletableFuture$AsyncSupply.run(CompletableFuture.java:1768) ~[?:?]
	at java.util.concurrent.CompletableFuture$AsyncSupply.exec(CompletableFuture.java:1760) ~[?:?]
	at java.util.concurrent.ForkJoinTask.doExec(ForkJoinTask.java:373) ~[?:?]
	at java.util.concurrent.ForkJoinPool$WorkQueue.topLevelExec(ForkJoinPool.java:1182) ~[?:?]
	at java.util.concurrent.ForkJoinPool.scan(ForkJoinPool.java:1655) ~[?:?]
	at java.util.concurrent.ForkJoinPool.runWorker(ForkJoinPool.java:1622) ~[?:?]
	at java.util.concurrent.ForkJoinWorkerThread.run(ForkJoinWorkerThread.java:165) ~[?:?]
[14:58:56] [Worker-Main-3/WARN] (Minecraft) Unable to load model: 'minecraft:diamondworld/cosmetics/head/elf_ears_hat' referenced from: minecraft:conduit#inventory: java.io.FileNotFoundException: minecraft:models/diamondworld/cosmetics/head/elf_ears_hat.json
[14:58:56] [Worker-Main-3/WARN] (Minecraft) Unable to load model: 'minecraft:diamondworld/cosmetics/head/frank' referenced from: minecraft:conduit#inventory: java.io.FileNotFoundException: minecraft:models/diamondworld/cosmetics/head/frank.json
[14:58:56] [Worker-Main-3/WARN] (Minecraft) Unable to load model: 'minecraft:custom/items/cosmetics/hat-parent' referenced from: minecraft:conduit#inventory: java.io.FileNotFoundException: minecraft:models/custom/items/cosmetics/hat-parent.json
[14:58:56] [Worker-Main-3/WARN] (Minecraft) Unable to load model: 'minecraft:diamondworld/cosmetics/head/retro_computer' referenced from: minecraft:leather_horse_armor#inventory: java.io.FileNotFoundException: minecraft:models/diamondworld/cosmetics/head/retro_computer.json
[14:58:56] [Worker-Main-3/WARN] (Minecraft) Unable to load model: 'simplehats:item/hatparent' referenced from: minecraft:leather_horse_armor#inventory: java.io.FileNotFoundException: simplehats:models/item/hatparent.json
[14:58:56] [Worker-Main-3/WARN] (Minecraft) Unable to load model: 'minecraft:diamondworld/cosmetics/head/tomato_hat' referenced from: minecraft:leather_horse_armor#inventory: java.io.FileNotFoundException: minecraft:models/diamondworld/cosmetics/head/tomato_hat.json
[14:58:56] [Worker-Main-3/WARN] (Minecraft) Unable to load model: 'minecraft:custom/items/cosmetics/backbling-parent' referenced from: minecraft:leather_horse_armor#inventory: java.io.FileNotFoundException: minecraft:models/custom/items/cosmetics/backbling-parent.json
[14:58:56] [Worker-Main-3/WARN] (Minecraft) Unable to load model: 'minecraft:sombrero' referenced from: minecraft:leather_horse_armor#inventory: java.io.FileNotFoundException: minecraft:models/sombrero.json
[14:58:56] [Worker-Main-3/WARN] (Minecraft) Unable to load model: 'minecraft:squid_rapped_around_head' referenced from: minecraft:leather_horse_armor#inventory: java.io.FileNotFoundException: minecraft:models/squid_rapped_around_head.json
[14:58:56] [Worker-Main-3/WARN] (Minecraft) Unable to load model: 'minecraft:knife_hat' referenced from: minecraft:leather_horse_armor#inventory: java.io.FileNotFoundException: minecraft:models/knife_hat.json
[14:58:56] [Worker-Main-3/WARN] (Minecraft) Unable to load model: 'minecraft:nocsy_jester_hat' referenced from: minecraft:leather_horse_armor#inventory: java.io.FileNotFoundException: minecraft:models/nocsy_jester_hat.json
[14:58:56] [Worker-Main-3/WARN] (Minecraft) Unable to load model: 'minecraft:mlgglasses' referenced from: minecraft:leather_horse_armor#inventory: java.io.FileNotFoundException: minecraft:models/mlgglasses.json
[14:58:56] [Worker-Main-3/WARN] (Minecraft) Unable to load model: 'minecraft:night_vision' referenced from: minecraft:leather_horse_armor#inventory: java.io.FileNotFoundException: minecraft:models/night_vision.json
[14:58:56] [Worker-Main-3/WARN] (Minecraft) Unable to load model: 'minecraft:franck' referenced from: minecraft:leather_horse_armor#inventory: java.io.FileNotFoundException: minecraft:models/franck.json
[14:58:56] [Worker-Main-3/WARN] (Minecraft) Unable to load model: 'minecraft:bunny_ears' referenced from: minecraft:leather_horse_armor#inventory: java.io.FileNotFoundException: minecraft:models/bunny_ears.json
[14:58:56] [Worker-Main-3/WARN] (Minecraft) Unable to load model: 'minecraft:seasonal/entities/present_blue' referenced from: minecraft:command_block#inventory: java.io.FileNotFoundException: minecraft:models/seasonal/entities/present_blue.json
[14:58:56] [Worker-Main-3/WARN] (Minecraft) Unable to load model: 'minecraft:prisonevo/pets/ant' referenced from: minecraft:command_block#inventory: java.io.FileNotFoundException: minecraft:models/prisonevo/pets/ant.json
[14:58:56] [Worker-Main-3/WARN] (Minecraft) Unable to load model: 'minecraft:diamondworld/emojis/blush' referenced from: minecraft:command_block#inventory: java.io.FileNotFoundException: minecraft:models/diamondworld/emojis/blush.json
[14:58:56] [Worker-Main-3/WARN] (Minecraft) Unable to load model: 'minecraft:diamondworld/emojis/wow' referenced from: minecraft:command_block#inventory: java.io.FileNotFoundException: minecraft:models/diamondworld/emojis/wow.json
[14:58:56] [Worker-Main-3/WARN] (Minecraft) Unable to load model: 'minecraft:diamondworld/emojis/love' referenced from: minecraft:command_block#inventory: java.io.FileNotFoundException: minecraft:models/diamondworld/emojis/love.json
[14:58:56] [Worker-Main-3/WARN] (Minecraft) Unable to load model: 'minecraft:prisonevo/pets/dark_wizard' referenced from: minecraft:command_block#inventory: java.io.FileNotFoundException: minecraft:models/prisonevo/pets/dark_wizard.json
[14:58:56] [Worker-Main-3/WARN] (Minecraft) Unable to load model: 'minecraft:seasonal/entities/present_red' referenced from: minecraft:command_block#inventory: java.io.FileNotFoundException: minecraft:models/seasonal/entities/present_red.json
[14:58:56] [Worker-Main-3/WARN] (Minecraft) Unable to load model: 'minecraft:prisonevo/bosses/magma/magma_chest' referenced from: minecraft:command_block#inventory: java.io.FileNotFoundException: minecraft:models/prisonevo/bosses/magma/magma_chest.json
[14:58:56] [Worker-Main-3/WARN] (Minecraft) Unable to load model: 'minecraft:prisonevo/bosses/magma/magma_head' referenced from: minecraft:command_block#inventory: java.io.FileNotFoundException: minecraft:models/prisonevo/bosses/magma/magma_head.json
[14:58:56] [Worker-Main-3/WARN] (Minecraft) Unable to load model: 'minecraft:prisonevo/pets/red_snake' referenced from: minecraft:command_block#inventory: java.io.FileNotFoundException: minecraft:models/prisonevo/pets/red_snake.json
[14:58:56] [Worker-Main-3/WARN] (Minecraft) Unable to load model: 'minecraft:seasonal/entities/present_purple' referenced from: minecraft:command_block#inventory: java.io.FileNotFoundException: minecraft:models/seasonal/entities/present_purple.json
[14:58:56] [Worker-Main-3/WARN] (Minecraft) Unable to load model: 'minecraft:diamondworld/halloween/entities/present_black' referenced from: minecraft:command_block#inventory: java.io.FileNotFoundException: minecraft:models/diamondworld/halloween/entities/present_black.json
[14:58:56] [Worker-Main-3/WARN] (Minecraft) Unable to load model: 'minecraft:seasonal/entities/present_cyan' referenced from: minecraft:command_block#inventory: java.io.FileNotFoundException: minecraft:models/seasonal/entities/present_cyan.json
[14:58:56] [Worker-Main-3/WARN] (Minecraft) Unable to load model: 'minecraft:diamondworld/emojis/glad' referenced from: minecraft:command_block#inventory: java.io.FileNotFoundException: minecraft:models/diamondworld/emojis/glad.json
[14:58:56] [Worker-Main-3/WARN] (Minecraft) Unable to load model: 'minecraft:seasonal/entities/present_pink' referenced from: minecraft:command_block#inventory: java.io.FileNotFoundException: minecraft:models/seasonal/entities/present_pink.json
[14:58:56] [Worker-Main-3/WARN] (Minecraft) Unable to load model: 'minecraft:prisonevo/pets/droid' referenced from: minecraft:command_block#inventory: java.io.FileNotFoundException: minecraft:models/prisonevo/pets/droid.json
[14:58:56] [Worker-Main-3/WARN] (Minecraft) Unable to load model: 'minecraft:diamondworld/emojis/cool' referenced from: minecraft:command_block#inventory: java.io.FileNotFoundException: minecraft:models/diamondworld/emojis/cool.json
[14:58:56] [Worker-Main-3/WARN] (Minecraft) Unable to load model: 'minecraft:seasonal/entities/present_green' referenced from: minecraft:command_block#inventory: java.io.FileNotFoundException: minecraft:models/seasonal/entities/present_green.json
[14:58:56] [Worker-Main-3/WARN] (Minecraft) Unable to load model: 'minecraft:prisonevo/bosses/magma/magma_leg_hand' referenced from: minecraft:command_block#inventory: java.io.FileNotFoundException: minecraft:models/prisonevo/bosses/magma/magma_leg_hand.json
[14:58:56] [Worker-Main-3/WARN] (Minecraft) Unable to load model: 'minecraft:diamondworld/emojis/angry' referenced from: minecraft:command_block#inventory: java.io.FileNotFoundException: minecraft:models/diamondworld/emojis/angry.json
[14:58:56] [Worker-Main-3/WARN] (Minecraft) Unable to load model: 'minecraft:prisonevo/pets/blaze' referenced from: minecraft:command_block#inventory: java.io.FileNotFoundException: minecraft:models/prisonevo/pets/blaze.json
[14:58:56] [Worker-Main-3/WARN] (Minecraft) Unable to load model: 'minecraft:diamondworld/emojis/sad' referenced from: minecraft:command_block#inventory: java.io.FileNotFoundException: minecraft:models/diamondworld/emojis/sad.json
[14:58:56] [Worker-Main-3/WARN] (Minecraft) Unable to load model: 'minecraft:seasonal/entities/present_brown' referenced from: minecraft:command_block#inventory: java.io.FileNotFoundException: minecraft:models/seasonal/entities/present_brown.json
[14:58:56] [Worker-Main-3/WARN] (Minecraft) Unable to load model: 'skyblock:crafts/ruby_helm' referenced from: minecraft:command_block#inventory: java.io.FileNotFoundException: skyblock:models/crafts/ruby_helm.json
[14:58:56] [Worker-Main-3/WARN] (Minecraft) Unable to load model: 'minecraft:diamondworld/emojis/tears' referenced from: minecraft:command_block#inventory: java.io.FileNotFoundException: minecraft:models/diamondworld/emojis/tears.json
[14:58:56] [Worker-Main-3/WARN] (Minecraft) Unable to load model: 'minecraft:prisonevo/pets/spotted_snake' referenced from: minecraft:command_block#inventory: java.io.FileNotFoundException: minecraft:models/prisonevo/pets/spotted_snake.json
[14:58:56] [Worker-Main-3/WARN] (Minecraft) Unable to load model: 'minecraft:space/ores/lv223/mutant' referenced from: minecraft:paper#inventory: java.io.FileNotFoundException: minecraft:models/space/ores/lv223/mutant.json
[14:58:56] [Worker-Main-3/WARN] (Minecraft) Unable to load model: 'minecraft:prisonevo/common/money_paper' referenced from: minecraft:paper#inventory: java.io.FileNotFoundException: minecraft:models/prisonevo/common/money_paper.json
[14:58:56] [Worker-Main-3/WARN] (Minecraft) Unable to load model: 'minecraft:diamondworld/ui/items/build1' referenced from: minecraft:paper#inventory: java.io.FileNotFoundException: minecraft:models/diamondworld/ui/items/build1.json
[14:58:56] [Worker-Main-3/WARN] (Minecraft) Unable to load model: 'minecraft:diamondworld/ui/items/build' referenced from: minecraft:paper#inventory: java.io.FileNotFoundException: minecraft:models/diamondworld/ui/items/build.json
[14:58:58] [Worker-Main-3/WARN] (Minecraft) Missing textures in model minecraft:leather_horse_armor#inventory:
    minecraft:textures/atlas/blocks.png:minecraft:block/night_vision
    minecraft:textures/atlas/blocks.png:minecraft:clubchunk/hats/night_vision
[14:58:58] [Worker-Main-3/WARN] (Minecraft) Missing textures in model minecraft:paper#inventory:
    minecraft:textures/atlas/blocks.png:minecraft:allay
    minecraft:textures/atlas/blocks.png:minecraft:anarchy/artifacts/ring_wind
    minecraft:textures/atlas/blocks.png:minecraft:bat
    minecraft:textures/atlas/blocks.png:minecraft:black_worm_old
    minecraft:textures/atlas/blocks.png:minecraft:block/texture
    minecraft:textures/atlas/blocks.png:minecraft:camping
    minecraft:textures/atlas/blocks.png:minecraft:chest_close
    minecraft:textures/atlas/blocks.png:minecraft:dark_ghost
    minecraft:textures/atlas/blocks.png:minecraft:diamondworld/decoration/furniture_crate_default
    minecraft:textures/atlas/blocks.png:minecraft:diamondworld/decoration/royal_chair
    minecraft:textures/atlas/blocks.png:minecraft:door_lock
    minecraft:textures/atlas/blocks.png:minecraft:doreh
    minecraft:textures/atlas/blocks.png:minecraft:doreh_diamond
    minecraft:textures/atlas/blocks.png:minecraft:emerald_golem_variant
    minecraft:textures/atlas/blocks.png:elitecreatures:japan_furniture_v1/lamp_5_1
    minecraft:textures/atlas/blocks.png:minecraft:keys
    minecraft:textures/atlas/blocks.png:minecraft:lapis_golem
    minecraft:textures/atlas/blocks.png:minecraft:lapis_golem_variant
    minecraft:textures/atlas/blocks.png:minecraft:moss_model
    minecraft:textures/atlas/blocks.png:minecraft:portal_a_e
    minecraft:textures/atlas/blocks.png:minecraft:prisonevo/alchemy/ore_emerald_e
    minecraft:textures/atlas/blocks.png:minecraft:reaper
    minecraft:textures/atlas/blocks.png:minecraft:roulette
    minecraft:textures/atlas/blocks.png:minecraft:stand
    minecraft:textures/atlas/blocks.png:minecraft:svitok_1
    minecraft:textures/atlas/blocks.png:minecraft:texture_test_1
    minecraft:textures/atlas/blocks.png:minecraft:trade_tent_1
    minecraft:textures/atlas/blocks.png:minecraft:web
    minecraft:textures/atlas/blocks.png:minecraft:wolf_big
[14:58:58] [Worker-Main-3/WARN] (Minecraft) Missing textures in model minecraft:command_block#inventory:
    minecraft:textures/atlas/blocks.png:minecraft:black_dragon
    minecraft:textures/atlas/blocks.png:minecraft:black_worm
    minecraft:textures/atlas/blocks.png:minecraft:creeper
    minecraft:textures/atlas/blocks.png:minecraft:diamondworld/halloween/entities/ghost
    minecraft:textures/atlas/blocks.png:minecraft:diamondworld/halloween/entities/ghost2
    minecraft:textures/atlas/blocks.png:minecraft:diamondworld/halloween/entities/ghost3
    minecraft:textures/atlas/blocks.png:minecraft:emerald_worm
    minecraft:textures/atlas/blocks.png:minecraft:ghost
    minecraft:textures/atlas/blocks.png:minecraft:leprek_bag
    minecraft:textures/atlas/blocks.png:minecraft:mole
    minecraft:textures/atlas/blocks.png:minecraft:prisonevo/armor/skin/bloody_eye
    minecraft:textures/atlas/blocks.png:minecraft:red_dragon
    minecraft:textures/atlas/blocks.png:minecraft:spider
    minecraft:textures/atlas/blocks.png:minecraft:white_mole
    minecraft:textures/atlas/blocks.png:minecraft:wolf_big
    minecraft:textures/atlas/blocks.png:minecraft:zombie
[14:58:58] [Worker-Main-3/WARN] (Minecraft) Missing textures in model minecraft:conduit#inventory:
    minecraft:textures/atlas/blocks.png:minecraft:diamondworld/cosmetics/head/xmas_tree
[14:58:58] [Worker-Main-3/WARN] (Minecraft) Missing textures in model minecraft:ender_pearl#inventory:
    minecraft:textures/atlas/blocks.png:minecraft:bomb_curse
[14:58:58] [Worker-Main-3/WARN] (Minecraft) Missing textures in model minecraft:netherite_hoe#inventory:
    minecraft:textures/atlas/blocks.png:minecraft:sword
[14:58:58] [Worker-Main-3/WARN] (Minecraft) Missing textures in model minecraft:shears#inventory:
    minecraft:textures/atlas/blocks.png:minecraft:pickaxe
    minecraft:textures/atlas/blocks.png:minecraft:shears
[14:58:58] [Render thread/WARN] (Minecraft) Missing sound for event: minecraft:item.brush.brushing
[14:58:58] [Render thread/WARN] (Minecraft) Missing sound for event: minecraft:item.brush.brush_sand_completed
[14:58:58] [Render thread/WARN] (Minecraft) Missing sound for event: minecraft:item.goat_horn.play
[14:58:58] [Render thread/WARN] (Minecraft) Missing sound for event: minecraft:entity.goat.screaming.horn_break
[14:58:58] [Render thread/WARN] (Minecraft) Missing sound for event: minecraft:music.overworld.cherry_grove
[14:58:58] [Render thread/INFO] (Minecraft) OpenAL initialized on device OpenAL Soft on VoiceMeeter Aux Input (VB-Audio VoiceMeeter AUX VAIO)
[14:58:58] [Render thread/INFO] (Minecraft) Sound engine started
[14:58:58] [Render thread/INFO] (Minecraft) Created: 8192x8192x4 minecraft:textures/atlas/blocks.png-atlas
[14:58:58] [Render thread/INFO] (Minecraft) Created: 256x256x4 minecraft:textures/atlas/signs.png-atlas
[14:58:58] [Render thread/INFO] (Minecraft) Created: 512x512x4 minecraft:textures/atlas/shield_patterns.png-atlas
[14:58:58] [Render thread/INFO] (Minecraft) Created: 512x512x4 minecraft:textures/atlas/banner_patterns.png-atlas
[14:58:58] [Render thread/INFO] (Minecraft) Created: 1024x1024x4 minecraft:textures/atlas/armor_trims.png-atlas
[14:58:58] [Render thread/INFO] (Minecraft) Created: 64x64x4 minecraft:textures/atlas/decorated_pot.png-atlas
[14:58:58] [Render thread/INFO] (Minecraft) Created: 256x256x4 minecraft:textures/atlas/chest.png-atlas
[14:58:58] [Render thread/INFO] (Minecraft) Created: 512x256x4 minecraft:textures/atlas/beds.png-atlas
[14:58:58] [Render thread/INFO] (Minecraft) Created: 512x256x4 minecraft:textures/atlas/shulker_boxes.png-atlas
[14:58:59] [Render thread/WARN] (Minecraft) Shader rendertype_entity_translucent could not find uniform named FogShape in the specified shader program.
[14:58:59] [Render thread/WARN] (Minecraft) Shader rendertype_entity_translucent_emissive could not find sampler named Sampler2 in the specified shader program.
[14:58:59] [Render thread/INFO] (Minecraft) Created: 256x256x0 minecraft:textures/atlas/particles.png-atlas
[14:58:59] [Render thread/INFO] (Minecraft) Created: 256x256x0 minecraft:textures/atlas/paintings.png-atlas
[14:58:59] [Render thread/INFO] (Minecraft) Created: 128x128x0 minecraft:textures/atlas/mob_effects.png-atlas
[14:59:05] [Render thread/ERROR] (Minecraft) Failed to verify authentication
com.mojang.authlib.exceptions.InvalidCredentialsException: Status: 401
	at com.mojang.authlib.exceptions.MinecraftClientHttpException.toAuthenticationException(MinecraftClientHttpException.java:56) ~[authlib-3.18.38.jar:?]
	at com.mojang.authlib.yggdrasil.YggdrasilUserApiService.fetchProperties(YggdrasilUserApiService.java:156) ~[authlib-3.18.38.jar:?]
	at com.mojang.authlib.yggdrasil.YggdrasilUserApiService.<init>(YggdrasilUserApiService.java:55) ~[authlib-3.18.38.jar:?]
	at com.mojang.authlib.yggdrasil.YggdrasilAuthenticationService.createUserApiService(YggdrasilAuthenticationService.java:161) ~[authlib-3.18.38.jar:?]
	at net.minecraft.client.MinecraftClient.createUserApiService(MinecraftClient.java:732) ~[minecraft-project-@-merged-named.jar:?]
	at net.minecraft.client.MinecraftClient.ias$createUserApiService(MinecraftClient.java) ~[minecraft-project-@-merged-named.jar:?]
	at the_fireplace.ias.gui.AccountListScreen.loginOffline(AccountListScreen.java:161) ~[ias-8.0.2-64b5720b4b825f21.jar:?]
	at the_fireplace.ias.gui.AccountListScreen.lambda$init$3(AccountListScreen.java:65) ~[ias-8.0.2-64b5720b4b825f21.jar:?]
	at net.minecraft.client.gui.widget.ButtonWidget.onPress(ButtonWidget.java:94) ~[minecraft-project-@-merged-named.jar:?]
	at net.minecraft.client.gui.widget.PressableWidget.onClick(PressableWidget.java:57) ~[minecraft-project-@-merged-named.jar:?]
	at net.minecraft.client.gui.widget.ClickableWidget.mouseClicked(ClickableWidget.java:187) ~[minecraft-project-@-merged-named.jar:?]
	at net.minecraft.client.gui.ParentElement.mouseClicked(ParentElement.java:38) ~[minecraft-project-@-merged-named.jar:?]
	at net.minecraft.client.Mouse.method_1611(Mouse.java:98) ~[minecraft-project-@-merged-named.jar:?]
	at net.minecraft.client.gui.screen.Screen.wrapScreenError(Screen.java:540) ~[minecraft-project-@-merged-named.jar:?]
	at net.minecraft.client.Mouse.onMouseButton(Mouse.java:98) ~[minecraft-project-@-merged-named.jar:?]
	at net.minecraft.client.Mouse.method_22686(Mouse.java:169) ~[minecraft-project-@-merged-named.jar:?]
	at net.minecraft.util.thread.ThreadExecutor.execute(ThreadExecutor.java:102) ~[minecraft-project-@-merged-named.jar:?]
	at net.minecraft.client.Mouse.method_22684(Mouse.java:169) ~[minecraft-project-@-merged-named.jar:?]
	at org.lwjgl.glfw.GLFWMouseButtonCallbackI.callback(GLFWMouseButtonCallbackI.java:43) ~[lwjgl-glfw-3.3.1.jar:build 7]
	at org.lwjgl.system.JNI.invokeV(Native Method) ~[lwjgl-3.3.1.jar:build 7]
	at org.lwjgl.glfw.GLFW.glfwWaitEventsTimeout(GLFW.java:3474) ~[lwjgl-glfw-3.3.1.jar:build 7]
	at com.mojang.blaze3d.systems.RenderSystem.limitDisplayFPS(RenderSystem.java:234) ~[minecraft-project-@-merged-named.jar:?]
	at net.minecraft.client.MinecraftClient.render(MinecraftClient.java:1241) ~[minecraft-project-@-merged-named.jar:?]
	at net.minecraft.client.MinecraftClient.run(MinecraftClient.java:801) ~[minecraft-project-@-merged-named.jar:?]
	at net.minecraft.client.main.Main.main(Main.java:237) ~[minecraft-project-@-merged-named.jar:?]
	at net.fabricmc.loader.impl.game.minecraft.MinecraftGameProvider.launch(MinecraftGameProvider.java:470) ~[fabric-loader-0.15.0.jar:?]
	at net.fabricmc.loader.impl.launch.knot.Knot.launch(Knot.java:74) ~[fabric-loader-0.15.0.jar:?]
	at net.fabricmc.loader.impl.launch.knot.KnotClient.main(KnotClient.java:23) ~[fabric-loader-0.15.0.jar:?]
	at net.fabricmc.devlaunchinjector.Main.main(Main.java:86) ~[dev-launch-injector-0.2.1+build.8.jar:?]
Caused by: com.mojang.authlib.exceptions.MinecraftClientHttpException: Status: 401
	at com.mojang.authlib.minecraft.client.MinecraftClient.readInputStream(MinecraftClient.java:85) ~[authlib-3.18.38.jar:?]
	at com.mojang.authlib.minecraft.client.MinecraftClient.get(MinecraftClient.java:48) ~[authlib-3.18.38.jar:?]
	at com.mojang.authlib.yggdrasil.YggdrasilUserApiService.fetchProperties(YggdrasilUserApiService.java:129) ~[authlib-3.18.38.jar:?]
	... 27 more
[14:59:05] [Worker-Main-2/ERROR] (Minecraft) Failed to retrieve profile key pair
java.io.IOException: Could not retrieve profile key pair
	at net.minecraft.client.util.ProfileKeysImpl.fetchKeyPair(ProfileKeysImpl.java:139) ~[minecraft-project-@-merged-named.jar:?]
	at net.minecraft.client.util.ProfileKeysImpl.method_44291(ProfileKeysImpl.java:79) ~[minecraft-project-@-merged-named.jar:?]
	at java.util.concurrent.CompletableFuture$AsyncSupply.run(CompletableFuture.java:1768) ~[?:?]
	at java.util.concurrent.CompletableFuture$AsyncSupply.exec(CompletableFuture.java:1760) ~[?:?]
	at java.util.concurrent.ForkJoinTask.doExec(ForkJoinTask.java:373) ~[?:?]
	at java.util.concurrent.ForkJoinPool$WorkQueue.topLevelExec(ForkJoinPool.java:1182) ~[?:?]
	at java.util.concurrent.ForkJoinPool.scan(ForkJoinPool.java:1655) ~[?:?]
	at java.util.concurrent.ForkJoinPool.runWorker(ForkJoinPool.java:1622) ~[?:?]
	at java.util.concurrent.ForkJoinWorkerThread.run(ForkJoinWorkerThread.java:165) ~[?:?]
[14:59:09] [Worker-Main-2/ERROR] (Minecraft) Failed to retrieve profile key pair
java.io.IOException: Could not retrieve profile key pair
	at net.minecraft.client.util.ProfileKeysImpl.fetchKeyPair(ProfileKeysImpl.java:139) ~[minecraft-project-@-merged-named.jar:?]
	at net.minecraft.client.util.ProfileKeysImpl.method_44291(ProfileKeysImpl.java:79) ~[minecraft-project-@-merged-named.jar:?]
	at java.util.concurrent.CompletableFuture$AsyncSupply.run(CompletableFuture.java:1768) ~[?:?]
	at java.util.concurrent.CompletableFuture$AsyncSupply.exec(CompletableFuture.java:1760) ~[?:?]
	at java.util.concurrent.ForkJoinTask.doExec(ForkJoinTask.java:373) ~[?:?]
	at java.util.concurrent.ForkJoinPool$WorkQueue.topLevelExec(ForkJoinPool.java:1182) ~[?:?]
	at java.util.concurrent.ForkJoinPool.scan(ForkJoinPool.java:1655) ~[?:?]
	at java.util.concurrent.ForkJoinPool.runWorker(ForkJoinPool.java:1622) ~[?:?]
	at java.util.concurrent.ForkJoinWorkerThread.run(ForkJoinWorkerThread.java:165) ~[?:?]
[14:59:09] [Render thread/INFO] (Minecraft) Connecting to diamondworld.pro, 25565
[14:59:10] [Render thread/INFO] (Minecraft) [System] [CHAT] Вы авторизовались!
[14:59:10] [Render thread/INFO] (Minecraft) [System] [CHAT] Авторизация » У вас не привязана почта! Напишите /email add <почта>
[14:59:12] [Render thread/INFO] (Minecraft) [System] [CHAT] ? z_zZz_z зашёл на сервер!
[14:59:12] [Render thread/INFO] (Minecraft) Loaded 25 advancements
[14:59:13] [Worker-Main-1/ERROR] (Minecraft) Failed to verify signature on property com.mojang.authlib.properties.Property@5c671eb8
java.security.SignatureException: Signature length not correct: got 3 but was expecting 512
	at sun.security.rsa.RSASignature.engineVerify(RSASignature.java:213) ~[?:?]
	at java.security.Signature$Delegate.engineVerify(Signature.java:1435) ~[?:?]
	at java.security.Signature.verify(Signature.java:789) ~[?:?]
	at com.mojang.authlib.yggdrasil.YggdrasilServicesKeyInfo.validateProperty(YggdrasilServicesKeyInfo.java:69) ~[authlib-3.18.38.jar:?]
	at com.mojang.authlib.yggdrasil.YggdrasilMinecraftSessionService.getTextures(YggdrasilMinecraftSessionService.java:123) ~[authlib-3.18.38.jar:?]
	at net.minecraft.client.texture.PlayerSkinProvider.method_4653(PlayerSkinProvider.java:100) ~[minecraft-project-@-merged-named.jar:?]
	at java.util.concurrent.ForkJoinTask$RunnableExecuteAction.exec(ForkJoinTask.java:1395) ~[?:?]
	at java.util.concurrent.ForkJoinTask.doExec(ForkJoinTask.java:373) ~[?:?]
	at java.util.concurrent.ForkJoinPool$WorkQueue.topLevelExec(ForkJoinPool.java:1182) ~[?:?]
	at java.util.concurrent.ForkJoinPool.scan(ForkJoinPool.java:1655) ~[?:?]
	at java.util.concurrent.ForkJoinPool.runWorker(ForkJoinPool.java:1622) ~[?:?]
	at java.util.concurrent.ForkJoinWorkerThread.run(ForkJoinWorkerThread.java:165) ~[?:?]
[14:59:13] [Worker-Main-1/ERROR] (Minecraft) Textures payload has been tampered with (signature invalid)
[14:59:17] [Render thread/INFO] (Minecraft) Loaded 6 advancements
[14:59:18] [Worker-Main-2/ERROR] (Minecraft) Failed to verify signature on property com.mojang.authlib.properties.Property@2c04aba4
java.security.SignatureException: Signature length not correct: got 3 but was expecting 512
	at sun.security.rsa.RSASignature.engineVerify(RSASignature.java:213) ~[?:?]
	at java.security.Signature$Delegate.engineVerify(Signature.java:1435) ~[?:?]
	at java.security.Signature.verify(Signature.java:789) ~[?:?]
	at com.mojang.authlib.yggdrasil.YggdrasilServicesKeyInfo.validateProperty(YggdrasilServicesKeyInfo.java:69) ~[authlib-3.18.38.jar:?]
	at com.mojang.authlib.yggdrasil.YggdrasilMinecraftSessionService.getTextures(YggdrasilMinecraftSessionService.java:123) ~[authlib-3.18.38.jar:?]
	at net.minecraft.client.texture.PlayerSkinProvider.method_4653(PlayerSkinProvider.java:100) ~[minecraft-project-@-merged-named.jar:?]
	at java.util.concurrent.ForkJoinTask$RunnableExecuteAction.exec(ForkJoinTask.java:1395) ~[?:?]
	at java.util.concurrent.ForkJoinTask.doExec(ForkJoinTask.java:373) ~[?:?]
	at java.util.concurrent.ForkJoinPool$WorkQueue.topLevelExec(ForkJoinPool.java:1182) ~[?:?]
	at java.util.concurrent.ForkJoinPool.scan(ForkJoinPool.java:1655) ~[?:?]
	at java.util.concurrent.ForkJoinPool.runWorker(ForkJoinPool.java:1622) ~[?:?]
	at java.util.concurrent.ForkJoinWorkerThread.run(ForkJoinWorkerThread.java:165) ~[?:?]
[14:59:18] [Worker-Main-2/ERROR] (Minecraft) Textures payload has been tampered with (signature invalid)
[14:59:25] [Render thread/INFO] (Minecraft) [System] [CHAT] Игроку _MISsSUE_ выпал Кейс DP из Кейса
[14:59:30] [Render thread/INFO] (Minecraft) [System] [CHAT] ? 21rackss [21]: продам магический подарок 
[14:59:31] [Render thread/INFO] (Minecraft) [System] [CHAT] Игроку Softyara1233 выпал Чек на 1B из Кейса
[14:59:36] [Render thread/INFO] (Minecraft) [System] [CHAT] Ваш платеж 30 рублей успешно зачислен.
[14:59:42] [Render thread/INFO] (Minecraft) [System] [CHAT] Игроку _MISsSUE_ выпал Скала I из Кейса рун
[15:00:04] [Render thread/INFO] (Minecraft) [System] [CHAT] На локации "Затопленные шахты" повышенный клёв!
[15:00:47] [Render thread/INFO] (Minecraft) [System] [CHAT] ? ? Sheikh [289]: Пойду в клан 
[15:00:48] [Render thread/INFO] (Minecraft) [System] [CHAT] Игрок ? zxcursed1447 поблагодарил вас. +536.87M$
[15:00:51] [Render thread/INFO] (Minecraft) [System] [CHAT] ? Zlata_G1RL [220]: вступлю в клан 
[15:01:07] [Render thread/INFO] (Minecraft) [System] [CHAT] ------------
[15:01:07] [Render thread/INFO] (Minecraft) [System] [CHAT] Вы можете приобрести кейсы с рунами, чтобы быть эффективнее в сражении с боссами и игроками. Используйте команду /donate
[15:01:07] [Render thread/INFO] (Minecraft) [System] [CHAT] ------------
[15:01:45] [Render thread/INFO] (Minecraft) [System] [CHAT] ? Gnat10 [127]: продам 2 слм 
[15:01:54] [Render thread/INFO] (Minecraft) [System] [CHAT] Игроку Softyara1233 выпал Зеркало I из Кейса рун
[15:02:00] [Render thread/INFO] (Minecraft) [System] [CHAT] ? ? eboiwewer [227]: цена за слм? 
[15:02:16] [Render thread/INFO] (Minecraft) [System] [CHAT] ? ? sla1er [Erlash] [376]: Продам за лк: 63 кейса, 90 кр ДЁШЕГО, Если чё 1кейс стоит 600B, …
[15:02:18] [Render thread/INFO] (Minecraft) [System] [CHAT] ? Zlata_G1RL [220]: продам РО 
[15:02:39] [Render thread/INFO] (Minecraft) [System] [CHAT] ? Gnat10 [127]: а сколько предлагаешь? 
[15:02:40] [Render thread/INFO] (Minecraft) [System] [CHAT] Босс Утопленник захвачен кланом 27:49!
[15:02:41] [Render thread/INFO] (Minecraft) [System] [CHAT] ? Softyara1233 [100]:  кто тим с дс 
[15:03:23] [Render thread/INFO] (Minecraft) [System] [CHAT] ? ? AvtoSusoedik [27:49] [366]: из игнора убери гений 
[15:03:28] [Render thread/INFO] (Minecraft) [System] [CHAT] ? Softyara1233 [100]:  пацаны продам адский редкий кейс с рунами 
[15:03:34] [Render thread/INFO] (Minecraft) [System] [CHAT] ? Zlata_G1RL [220]: цена? 
[15:03:37] [Render thread/INFO] (Minecraft) [System] [CHAT] ------------
[15:03:37] [Render thread/INFO] (Minecraft) [System] [CHAT] Вы можете приобрести посох ветра, чтобы быть эффективнее в сражении с игроками и боссами. Используйте команду /donate
[15:03:37] [Render thread/INFO] (Minecraft) [System] [CHAT] ------------
[15:03:39] [Render thread/INFO] (Minecraft) [System] [CHAT] ? Softyara1233 [100]: 3 трилиона 
[15:03:47] [Render thread/INFO] (Minecraft) [System] [CHAT] Босс Кригер появится через 3 минуты.
[15:03:51] [Render thread/INFO] (Minecraft) [System] [CHAT] ? ? OMUT [165]: как продовать руны? 
[15:03:56] [Render thread/INFO] (Minecraft) [System] [CHAT] ? MifO4ka729 [222]:  YBRFR 
[15:03:58] [Render thread/INFO] (Minecraft) [System] [CHAT] ? Zlata_G1RL [220]: на спавне 
[15:04:03] [Render thread/INFO] (Minecraft) [System] [CHAT] ? ? DRagolitr [361]: мужики,какие есть промики на + к пополнению 
[15:04:04] [Render thread/INFO] (Minecraft) [System] [CHAT] Босс Октопус появится через 3 минуты.
[15:04:16] [Render thread/INFO] (Minecraft) [System] [CHAT] ? tepro [27]: продам 1 ро 
[15:04:23] [Render thread/INFO] (Minecraft) [System] [CHAT] ? ? HuRaCaN [Nеko] [339]: Ку драг 
[15:04:27] [Render thread/INFO] (Minecraft) [System] [CHAT] ? ? DRagolitr [361]: qq 
[15:04:44] [Render thread/INFO] (Minecraft) [System] [CHAT] ? tepro [27]: продам 1 ро 
[15:04:48] [Render thread/INFO] (Minecraft) [System] [CHAT] ? ? DRagolitr [361]: хура,промиков не знаешь? 
[15:04:54] [Render thread/INFO] (Minecraft) [System] [CHAT] ? kiteket023 [Hatory] [304]: покажи 
[15:04:57] [Render thread/ERROR] (Minecraft) Can't ping brominemc.ru: Отключение
